New log file opened at Wed Oct 21 12:01:53 CEST 2015 by 2316@3dlab11
Sending msg to client activator-8c7b7bd8-a57b-464c-9cd7-326e82e088ac: DetachedLogEvent(LogMessage(debug,sbt server socket logs are in: Z:\git\MinesweeperWUI\.sbtserver\connections\master.log))
Sending msg to client activator-8c7b7bd8-a57b-464c-9cd7-326e82e088ac: DetachedLogEvent(LogMessage(debug,sbt general server logs are in: Z:\git\MinesweeperWUI\.sbtserver\master.log))
Sending msg to client activator-8c7b7bd8-a57b-464c-9cd7-326e82e088ac: DetachedLogEvent(LogMessage(debug,sbt client logs are in: Z:\git\MinesweeperWUI\.sbtserver\connections\activator-8c7b7bd8-a57b-464c-9cd7-326e82e088ac.log))
Dropping message DetachedLogEvent(LogMessage(debug,sbt client logs are in: Z:\git\MinesweeperWUI\.sbtserver\connections\activator-8c7b7bd8-a57b-464c-9cd7-326e82e088ac.log)) because client activator-8c7b7bd8-a57b-464c-9cd7-326e82e088ac of an exception serializing and sending: java.net.SocketException: Software caused connection abort: socket write error
stack trace sending message was 
java.net.SocketException: Software caused connection abort: socket write error
	at java.net.SocketOutputStream.socketWrite0(Native Method)
	at java.net.SocketOutputStream.socketWrite(Unknown Source)
	at java.net.SocketOutputStream.write(Unknown Source)
	at java.io.BufferedOutputStream.flushBuffer(Unknown Source)
	at java.io.BufferedOutputStream.flush(Unknown Source)
	at java.io.DataOutputStream.flush(Unknown Source)
	at sbt.impl.ipc.Peer.send(IPC.scala:79)
	at sbt.impl.ipc.Peer.send(IPC.scala:83)
	at sbt.impl.ipc.Peer.sendString(IPC.scala:106)
	at sbt.impl.ipc.Peer.sendJson(IPC.scala:119)
	at sbt.server.SbtClientHandler$$anonfun$send$1.apply$mcV$sp(SbtClientHandler.scala:128)
	at sbt.server.SbtClientHandler.wrappedSend(SbtClientHandler.scala:113)
	at sbt.server.SbtClientHandler.send(SbtClientHandler.scala:128)
	at sbt.server.SbtClientHandler$clientThread$.run(SbtClientHandler.scala:42)
Reading next message from client.
Client activator-8c7b7bd8-a57b-464c-9cd7-326e82e088ac closed, java.net.SocketException: socket is closed, shutting down
Dropping message (0,ReceivedResponse()) to dead client activator-8c7b7bd8-a57b-464c-9cd7-326e82e088ac
Client activator-8c7b7bd8-a57b-464c-9cd7-326e82e088ac thread exiting.
